Started at Fri Apr 12 11:32:36 UTC 2024
Processing checkstyle_warning
Offering checkstyle_warning to Project Build Discarder
Processing emailTestPipeline
Offering emailTestPipeline to Project Build Discarder
Processing firstPipeline
Offering firstPipeline to Project Build Discarder
Processing javaEhealth
Offering javaEhealth to Project Build Discarder
Processing test_job
Offering test_job to Project Build Discarder
Processing testEmailNotifications
Offering testEmailNotifications to Project Build Discarder
Finished at Fri Apr 12 11:32:36 UTC 2024. 38ms
Started at Fri Apr 12 12:32:36 UTC 2024
Processing checkstyle_warning
Offering checkstyle_warning to Project Build Discarder
Processing emailTestPipeline
Offering emailTestPipeline to Project Build Discarder
Processing firstPipeline
Offering firstPipeline to Project Build Discarder
Processing javaEhealth
Offering javaEhealth to Project Build Discarder
Processing test_job
Offering test_job to Project Build Discarder
Processing testEmailNotifications
Offering testEmailNotifications to Project Build Discarder
Finished at Fri Apr 12 12:32:36 UTC 2024. 1ms
Started at Fri Apr 12 13:32:36 UTC 2024
Processing checkstyle_warning
Offering checkstyle_warning to Project Build Discarder
Processing emailTestPipeline
Offering emailTestPipeline to Project Build Discarder
Processing firstPipeline
Offering firstPipeline to Project Build Discarder
Processing javaEhealth
Offering javaEhealth to Project Build Discarder
Processing test_job
Offering test_job to Project Build Discarder
Processing testEmailNotifications
Offering testEmailNotifications to Project Build Discarder
Finished at Fri Apr 12 13:32:36 UTC 2024. 2ms
Started at Fri Apr 12 14:32:36 UTC 2024
Processing checkstyle_warning
Offering checkstyle_warning to Project Build Discarder
Processing emailTestPipeline
Offering emailTestPipeline to Project Build Discarder
Processing firstPipeline
Offering firstPipeline to Project Build Discarder
Processing javaEhealth
Offering javaEhealth to Project Build Discarder
Processing test_job
Offering test_job to Project Build Discarder
Processing testEmailNotifications
Offering testEmailNotifications to Project Build Discarder
Finished at Fri Apr 12 14:32:36 UTC 2024. 1ms
Started at Fri Apr 12 15:32:36 UTC 2024
Processing checkstyle_warning
Offering checkstyle_warning to Project Build Discarder
Processing emailTestPipeline
Offering emailTestPipeline to Project Build Discarder
Processing firstPipeline
Offering firstPipeline to Project Build Discarder
Processing javaEhealth
Offering javaEhealth to Project Build Discarder
Processing test_job
Offering test_job to Project Build Discarder
Processing testEmailNotifications
Offering testEmailNotifications to Project Build Discarder
Finished at Fri Apr 12 15:32:36 UTC 2024. 3ms
Started at Fri Apr 12 16:32:36 UTC 2024
Processing checkstyle_warning
Offering checkstyle_warning to Project Build Discarder
Processing emailTestPipeline
Offering emailTestPipeline to Project Build Discarder
Processing firstPipeline
Offering firstPipeline to Project Build Discarder
Processing javaEhealth
Offering javaEhealth to Project Build Discarder
Processing test_job
Offering test_job to Project Build Discarder
Processing testEmailNotifications
Offering testEmailNotifications to Project Build Discarder
Finished at Fri Apr 12 16:32:36 UTC 2024. 1ms
Started at Fri Apr 12 17:32:36 UTC 2024
Processing checkstyle_warning
Offering checkstyle_warning to Project Build Discarder
Processing emailTestPipeline
Offering emailTestPipeline to Project Build Discarder
Processing firstPipeline
Offering firstPipeline to Project Build Discarder
Processing javaEhealth
Offering javaEhealth to Project Build Discarder
Processing test_job
Offering test_job to Project Build Discarder
Processing testEmailNotifications
Offering testEmailNotifications to Project Build Discarder
Finished at Fri Apr 12 17:32:36 UTC 2024. 2ms
Started at Fri Apr 12 18:32:36 UTC 2024
Processing checkstyle_warning
Offering checkstyle_warning to Project Build Discarder
Processing emailTestPipeline
Offering emailTestPipeline to Project Build Discarder
Processing firstPipeline
Offering firstPipeline to Project Build Discarder
Processing javaEhealth
Offering javaEhealth to Project Build Discarder
Processing test_job
Offering test_job to Project Build Discarder
Processing testEmailNotifications
Offering testEmailNotifications to Project Build Discarder
Finished at Fri Apr 12 18:32:36 UTC 2024. 4ms
